ec2-user:~/environment/hw-acceptance-unit-test-cycle/rottenpotatoes (master) $ rspec
DEPRECATION WARNING: The factory_girl gem is deprecated. Please upgrade to factory_bot. See https://github.com/thoughtbot/factory_bot/blob/v4.9.0/UPGRADE_FROM_FACTORY_GIRL.md for further instructions. (called from require at /home/ec2-user/.rvm/rubies/ruby-2.4.0/lib/ruby/site_ruby/2.4.0/bundler/runtime.rb:81)
DEPRECATION WARNING: Sprockets method `register_engine` is deprecated.
Please register a mime type using `register_mime_type` then
use `register_compressor` or `register_transformer`.
https://github.com/rails/sprockets/blob/master/guides/extending_sprockets.md#supporting-all-versions-of-sprockets-in-processors
 (called from block (2 levels) in <class:Railtie> at /home/ec2-user/.rvm/gems/ruby-2.4.0/gems/sass-rails-5.0.5/lib/sass/rails/railtie.rb:57)
DEPRECATION WARNING: Sprockets method `register_engine` is deprecated.
Please register a mime type using `register_mime_type` then
use `register_compressor` or `register_transformer`.
https://github.com/rails/sprockets/blob/master/guides/extending_sprockets.md#supporting-all-versions-of-sprockets-in-processors
 (called from block (2 levels) in <class:Railtie> at /home/ec2-user/.rvm/gems/ruby-2.4.0/gems/sass-rails-5.0.5/lib/sass/rails/railtie.rb:58)
...............

Deprecation Warnings:

Using `stub` from rspec-mocks' old `:should` syntax without explicitly enabling the syntax is deprecated. Use the new `:expect` syntax or explicitly enable `:should` instead. Called from /home/ec2-user/environment/hw-acceptance-unit-test-cycle/rottenpotatoes/spec/controllers/movie_controller_spec.rb:12:in `block (3 levels) in <top (required)>'.


If you need more of the backtrace for any of these deprecations to
identify where to make the necessary changes, you can configure
`config.raise_errors_for_deprecations!`, and it will turn the
deprecation warnings into errors, giving you the full backtrace.

1 deprecation warning total

Finished in 0.12376 seconds (files took 1.61 seconds to load)
15 examples, 0 failures

Coverage report generated for RSpec to /home/ec2-user/environment/hw-acceptance-unit-test-cycle/rottenpotatoes/coverage. 46 / 55 LOC (83.64%) covered.
ec2-user:~/environment/hw-acceptance-unit-test-cycle/rottenpotatoes (master) $ date
Tue Mar 10 17:43:09 UTC 2020
ec2-user:~/environment/hw-acceptance-unit-test-cycle/rottenpotatoes (master) $ 